This is pdfTeX, Version 3.14159265-2.6-1.40.19 (MiKTeX 2.9.6930 64-bit) (preloaded format=pdflatex 2019.1.18)  8 MAR 2019 12:24
entering extended mode
**"./OneYearReport 0.1.tex"
("OneYearReport 0.1.tex"
LaTeX2e <2018-12-01>

("C:\Users\wsb18103\AppData\Local\Programs\MiKTeX 2.9\tex/latex/base\article.cl
s"
Document Class: article 2018/09/03 v1.4i Standard LaTeX document class
("C:\Users\wsb18103\AppData\Local\Programs\MiKTeX 2.9\tex/latex/base\size12.clo
"
File: size12.clo 2018/09/03 v1.4i Standard LaTeX file (size option)
)
\c@part=\count80
\c@section=\count81
\c@subsection=\count82
\c@subsubsection=\count83
\c@paragraph=\count84
\c@subparagraph=\count85
\c@figure=\count86
\c@table=\count87
\abovecaptionskip=\skip41
\belowcaptionskip=\skip42
\bibindent=\dimen102
)
("C:\Users\wsb18103\AppData\Local\Programs\MiKTeX 2.9\tex/generic/babel\babel.s
ty"
Package: babel 2018/11/13 3.27 The Babel package

("C:\Users\wsb18103\AppData\Local\Programs\MiKTeX 2.9\tex/generic/babel\switch.
def"
File: switch.def 2018/11/13 3.27 Babel switching mechanism
)
*************************************
* Local config file bblopts.cfg used
*

("C:\Users\wsb18103\AppData\Local\Programs\MiKTeX 2.9\tex/latex/arabi\bblopts.c
fg"
File: bblopts.cfg 2005/09/08 v0.1 add Arabic and Farsi to "declared" options of
 babel
)
("C:\Users\wsb18103\AppData\Local\Programs\MiKTeX 2.9\tex/latex/babel-english\e
nglish.ldf"
Language: english 2017/06/06 v3.3r English support from the babel system

("C:\Users\wsb18103\AppData\Local\Programs\MiKTeX 2.9\tex/generic/babel\babel.d
ef"
File: babel.def 2018/11/13 3.27 Babel common definitions
\babel@savecnt=\count88
\U@D=\dimen103

("C:\Users\wsb18103\AppData\Local\Programs\MiKTeX 2.9\tex/generic/babel\txtbabe
l.def")
\bbl@dirlevel=\count89
)
\l@canadian = a dialect from \language\l@american 
\l@australian = a dialect from \language\l@british 
\l@newzealand = a dialect from \language\l@british 
))
("C:\Users\wsb18103\AppData\Local\Programs\MiKTeX 2.9\tex/latex/graphics\graphi
cx.sty"
Package: graphicx 2017/06/01 v1.1a Enhanced LaTeX Graphics (DPC,SPQR)

("C:\Users\wsb18103\AppData\Local\Programs\MiKTeX 2.9\tex/latex/graphics\keyval
.sty"
Package: keyval 2014/10/28 v1.15 key=value parser (DPC)
\KV@toks@=\toks14
)
("C:\Users\wsb18103\AppData\Local\Programs\MiKTeX 2.9\tex/latex/graphics\graphi
cs.sty"
Package: graphics 2017/06/25 v1.2c Standard LaTeX Graphics (DPC,SPQR)

("C:\Users\wsb18103\AppData\Local\Programs\MiKTeX 2.9\tex/latex/graphics\trig.s
ty"
Package: trig 2016/01/03 v1.10 sin cos tan (DPC)
)
("C:\Users\wsb18103\AppData\Local\Programs\MiKTeX 2.9\tex/latex/graphics-cfg\gr
aphics.cfg"
File: graphics.cfg 2016/06/04 v1.11 sample graphics configuration
)
Package graphics Info: Driver file: pdftex.def on input line 99.

("C:\Users\wsb18103\AppData\Local\Programs\MiKTeX 2.9\tex/latex/graphics-def\pd
ftex.def"
File: pdftex.def 2018/01/08 v1.0l Graphics/color driver for pdftex
))
\Gin@req@height=\dimen104
\Gin@req@width=\dimen105
)
("C:\Users\wsb18103\AppData\Local\Programs\MiKTeX 2.9\tex/latex/caption\caption
.sty"
Package: caption 2018/10/06 v3.3-154 Customizing captions (AR)

("C:\Users\wsb18103\AppData\Local\Programs\MiKTeX 2.9\tex/latex/caption\caption
3.sty"
Package: caption3 2018/09/12 v1.8c caption3 kernel (AR)
Package caption3 Info: TeX engine: e-TeX on input line 64.
\captionmargin=\dimen106
\captionmargin@=\dimen107
\captionwidth=\dimen108
\caption@tempdima=\dimen109
\caption@indent=\dimen110
\caption@parindent=\dimen111
\caption@hangindent=\dimen112
)
\c@caption@flags=\count90
\c@ContinuedFloat=\count91
)
("C:\Users\wsb18103\AppData\Local\Programs\MiKTeX 2.9\tex/latex/algorithms\algo
rithm.sty"
Package: algorithm 2009/08/24 v0.1 Document Style `algorithm' - floating enviro
nment

("C:\Users\wsb18103\AppData\Local\Programs\MiKTeX 2.9\tex/latex/float\float.sty
"
Package: float 2001/11/08 v1.3d Float enhancements (AL)
\c@float@type=\count92
\float@exts=\toks15
\float@box=\box27
\@float@everytoks=\toks16
\@floatcapt=\box28
)
("C:\Users\wsb18103\AppData\Local\Programs\MiKTeX 2.9\tex/latex/base\ifthen.sty
"
Package: ifthen 2014/09/29 v1.1c Standard LaTeX ifthen package (DPC)
)
\@float@every@algorithm=\toks17
\c@algorithm=\count93
)
("C:\Users\wsb18103\AppData\Local\Programs\MiKTeX 2.9\tex/latex/algorithmicx\al
gpseudocode.sty"
Package: algpseudocode 

("C:\Users\wsb18103\AppData\Local\Programs\MiKTeX 2.9\tex/latex/algorithmicx\al
gorithmicx.sty"
Package: algorithmicx 2005/04/27 v1.2 Algorithmicx

Document Style algorithmicx 1.2 - a greatly improved `algorithmic' style
\c@ALG@line=\count94
\c@ALG@rem=\count95
\c@ALG@nested=\count96
\ALG@tlm=\skip43
\ALG@thistlm=\skip44
\c@ALG@Lnr=\count97
\c@ALG@blocknr=\count98
\c@ALG@storecount=\count99
\c@ALG@tmpcounter=\count100
\ALG@tmplength=\skip45
)
Document Style - pseudocode environments for use with the `algorithmicx' style
)
("C:\Users\wsb18103\AppData\Local\Programs\MiKTeX 2.9\tex/latex/varwidth\varwid
th.sty"
Package: varwidth 2009/03/30 ver 0.92;  Variable-width minipages
\@vwid@box=\box29
\sift@deathcycles=\count101
\@vwid@loff=\dimen113
\@vwid@roff=\dimen114
)
("C:\Users\wsb18103\AppData\Local\Programs\MiKTeX 2.9\tex/latex/amsmath\amsmath
.sty"
Package: amsmath 2018/12/01 v2.17b AMS math features
\@mathmargin=\skip46

For additional information on amsmath, use the `?' option.

("C:\Users\wsb18103\AppData\Local\Programs\MiKTeX 2.9\tex/latex/amsmath\amstext
.sty"
Package: amstext 2000/06/29 v2.01 AMS text

("C:\Users\wsb18103\AppData\Local\Programs\MiKTeX 2.9\tex/latex/amsmath\amsgen.
sty"
File: amsgen.sty 1999/11/30 v2.0 generic functions
\@emptytoks=\toks18
\ex@=\dimen115
))
("C:\Users\wsb18103\AppData\Local\Programs\MiKTeX 2.9\tex/latex/amsmath\amsbsy.
sty"
Package: amsbsy 1999/11/29 v1.2d Bold Symbols
\pmbraise@=\dimen116
)
("C:\Users\wsb18103\AppData\Local\Programs\MiKTeX 2.9\tex/latex/amsmath\amsopn.
sty"
Package: amsopn 2016/03/08 v2.02 operator names
)
\inf@bad=\count102
LaTeX Info: Redefining \frac on input line 223.
\uproot@=\count103
\leftroot@=\count104
LaTeX Info: Redefining \overline on input line 385.
\classnum@=\count105
\DOTSCASE@=\count106
LaTeX Info: Redefining \ldots on input line 482.
LaTeX Info: Redefining \dots on input line 485.
LaTeX Info: Redefining \cdots on input line 606.
\Mathstrutbox@=\box30
\strutbox@=\box31
\big@size=\dimen117
LaTeX Font Info:    Redeclaring font encoding OML on input line 729.
LaTeX Font Info:    Redeclaring font encoding OMS on input line 730.
\macc@depth=\count107
\c@MaxMatrixCols=\count108
\dotsspace@=\muskip10
\c@parentequation=\count109
\dspbrk@lvl=\count110
\tag@help=\toks19
\row@=\count111
\column@=\count112
\maxfields@=\count113
\andhelp@=\toks20
\eqnshift@=\dimen118
\alignsep@=\dimen119
\tagshift@=\dimen120
\tagwidth@=\dimen121
\totwidth@=\dimen122
\lineht@=\dimen123
\@envbody=\toks21
\multlinegap=\skip47
\multlinetaggap=\skip48
\mathdisplay@stack=\toks22
LaTeX Info: Redefining \[ on input line 2844.
LaTeX Info: Redefining \] on input line 2845.
)
("C:\Users\wsb18103\AppData\Local\Programs\MiKTeX 2.9\tex/latex/amscls\amsthm.s
ty"
Package: amsthm 2017/10/31 v2.20.4
\thm@style=\toks23
\thm@bodyfont=\toks24
\thm@headfont=\toks25
\thm@notefont=\toks26
\thm@headpunct=\toks27
\thm@preskip=\skip49
\thm@postskip=\skip50
\thm@headsep=\skip51
\dth@everypar=\toks28
)
("C:\Users\wsb18103\AppData\Local\Programs\MiKTeX 2.9\tex/latex/caption\subcapt
ion.sty"
Package: subcaption 2018/05/01 v1.1-162 Sub-captions (AR)
\c@subfigure=\count114
\c@subtable=\count115
)
("C:\Users\wsb18103\AppData\Local\Programs\MiKTeX 2.9\tex/latex/titlesec\titles
ec.sty"
Package: titlesec 2016/03/21 v2.10.2 Sectioning titles
\ttl@box=\box32
\beforetitleunit=\skip52
\aftertitleunit=\skip53
\ttl@plus=\dimen124
\ttl@minus=\dimen125
\ttl@toksa=\toks29
\titlewidth=\dimen126
\titlewidthlast=\dimen127
\titlewidthfirst=\dimen128
)
("C:\Users\wsb18103\AppData\Local\Programs\MiKTeX 2.9\tex/latex/cleveref\clever
ef.sty"
Package: cleveref 2018/03/27 v0.21.4 Intelligent cross-referencing
Package cleveref Info: `amsthm' support loaded on input line 3026.
Package cleveref Info: `algorithmicx' support loaded on input line 3120.
)
("C:\Users\wsb18103\AppData\Local\Programs\MiKTeX 2.9\tex/latex/cite\cite.sty"
LaTeX Info: Redefining \cite on input line 302.
LaTeX Info: Redefining \nocite on input line 332.
Package: cite 2015/02/27  v 5.5
)
\c@theorem=\count116
\c@defin=\count117
("OneYearReport 0.1.aux")
\openout1 = `"OneYearReport 0.1.aux"'.

LaTeX Font Info:    Checking defaults for OML/cmm/m/it on input line 54.
LaTeX Font Info:    ... okay on input line 54.
LaTeX Font Info:    Checking defaults for T1/cmr/m/n on input line 54.
LaTeX Font Info:    ... okay on input line 54.
LaTeX Font Info:    Checking defaults for OT1/cmr/m/n on input line 54.
LaTeX Font Info:    ... okay on input line 54.
LaTeX Font Info:    Checking defaults for OMS/cmsy/m/n on input line 54.
LaTeX Font Info:    ... okay on input line 54.
LaTeX Font Info:    Checking defaults for OMX/cmex/m/n on input line 54.
LaTeX Font Info:    ... okay on input line 54.
LaTeX Font Info:    Checking defaults for U/cmr/m/n on input line 54.
LaTeX Font Info:    ... okay on input line 54.

("C:\Users\wsb18103\AppData\Local\Programs\MiKTeX 2.9\tex/context/base\supp-pdf
.mkii"
[Loading MPS to PDF converter (version 2006.09.02).]
\scratchcounter=\count118
\scratchdimen=\dimen129
\scratchbox=\box33
\nofMPsegments=\count119
\nofMParguments=\count120
\everyMPshowfont=\toks30
\MPscratchCnt=\count121
\MPscratchDim=\dimen130
\MPnumerator=\count122
\makeMPintoPDFobject=\count123
\everyMPtoPDFconversion=\toks31
)
("C:\Users\wsb18103\AppData\Local\Programs\MiKTeX 2.9\tex/latex/oberdiek\epstop
df-base.sty"
Package: epstopdf-base 2016/05/15 v2.6 Base part for package epstopdf

("C:\Users\wsb18103\AppData\Local\Programs\MiKTeX 2.9\tex/generic/oberdiek\infw
arerr.sty"
Package: infwarerr 2016/05/16 v1.4 Providing info/warning/error messages (HO)
)
("C:\Users\wsb18103\AppData\Local\Programs\MiKTeX 2.9\tex/latex/oberdiek\grfext
.sty"
Package: grfext 2016/05/16 v1.2 Manage graphics extensions (HO)

("C:\Users\wsb18103\AppData\Local\Programs\MiKTeX 2.9\tex/generic/oberdiek\kvde
finekeys.sty"
Package: kvdefinekeys 2016/05/16 v1.4 Define keys (HO)

("C:\Users\wsb18103\AppData\Local\Programs\MiKTeX 2.9\tex/generic/oberdiek\ltxc
mds.sty"
Package: ltxcmds 2016/05/16 v1.23 LaTeX kernel commands for general use (HO)
)))
("C:\Users\wsb18103\AppData\Local\Programs\MiKTeX 2.9\tex/latex/oberdiek\kvopti
ons.sty"
Package: kvoptions 2016/05/16 v3.12 Key value format for package options (HO)

("C:\Users\wsb18103\AppData\Local\Programs\MiKTeX 2.9\tex/generic/oberdiek\kvse
tkeys.sty"
Package: kvsetkeys 2016/05/16 v1.17 Key value parser (HO)

("C:\Users\wsb18103\AppData\Local\Programs\MiKTeX 2.9\tex/generic/oberdiek\etex
cmds.sty"
Package: etexcmds 2016/05/16 v1.6 Avoid name clashes with e-TeX commands (HO)

("C:\Users\wsb18103\AppData\Local\Programs\MiKTeX 2.9\tex/generic/oberdiek\iflu
atex.sty"
Package: ifluatex 2016/05/16 v1.4 Provides the ifluatex switch (HO)
Package ifluatex Info: LuaTeX not detected.
))))
("C:\Users\wsb18103\AppData\Local\Programs\MiKTeX 2.9\tex/generic/oberdiek\pdft
excmds.sty"
Package: pdftexcmds 2018/09/10 v0.29 Utility functions of pdfTeX for LuaTeX (HO
)

("C:\Users\wsb18103\AppData\Local\Programs\MiKTeX 2.9\tex/generic/oberdiek\ifpd
f.sty"
Package: ifpdf 2018/09/07 v3.3 Provides the ifpdf switch
)
Package pdftexcmds Info: LuaTeX not detected.
Package pdftexcmds Info: \pdf@primitive is available.
Package pdftexcmds Info: \pdf@ifprimitive is available.
Package pdftexcmds Info: \pdfdraftmode found.
)
Package epstopdf-base Info: Redefining graphics rule for `.eps' on input line 4
38.
Package grfext Info: Graphics extension search list:
(grfext)             [.pdf,.png,.jpg,.mps,.jpeg,.jbig2,.jb2,.PDF,.PNG,.JPG,.JPE
G,.JBIG2,.JB2,.eps]
(grfext)             \AppendGraphicsExtensions on input line 456.
)
Package caption Info: Begin \AtBeginDocument code.
Package caption Info: float package is loaded.
Package caption Info: End \AtBeginDocument code.


Package caption Warning: Unused \captionsetup[subfigure] on input line 17.
See the caption package documentation for explanation.

[1

{C:/Users/wsb18103/AppData/Local/MiKTeX/2.9/pdftex/config/pdftex.map}]
("OneYearReport 0.1.aux") ) 
Here is how much of TeX's memory you used:
 6415 strings out of 492946
 109720 string characters out of 3124934
 199199 words of memory out of 3000000
 10249 multiletter control sequences out of 15000+200000
 4839 words of font info for 18 fonts, out of 3000000 for 9000
 1141 hyphenation exceptions out of 8191
 41i,4n,38p,1372b,111s stack positions out of 5000i,500n,10000p,200000b,50000s
<C:/Users/wsb18103/AppData/Local/Programs/MiKTeX 2.9
/fonts/type1/public/amsfonts/cm/cmbx12.pfb><C:/Users/wsb18103/AppData/Local/Pro
grams/MiKTeX 2.9/fonts/type1/public/amsfonts/cm/cmr12.pfb><C:/Users/wsb18103/Ap
pData/Local/Programs/MiKTeX 2.9/fonts/type1/public/amsfonts/cm/cmu10.pfb>
Output written on "OneYearReport 0.1.pdf" (1 page, 39181 bytes).
PDF statistics:
 18 PDF objects out of 1000 (max. 8388607)
 0 named destinations out of 1000 (max. 500000)
 1 words of extra memory for PDF output out of 10000 (max. 10000000)

