  Optimiser.cpp
C:\Program Files (x86)\OR tools\include\ortools\linear_solver\linear_solver.h(272,28): warning C4267: 'return': conversion from 'size_t' to 'int', possible loss of data
C:\Program Files (x86)\OR tools\include\ortools\linear_solver\linear_solver.h(337,30): warning C4267: 'return': conversion from 'size_t' to 'int', possible loss of data
  Generating code
  4 of 203 functions ( 2.0%) were compiled, the rest were copied from previous compilation.
    0 functions were new in current compilation
    2 functions had inline decision re-evaluated but remain unchanged
  Finished generating code
LINK : warning LNK4286: symbol '??0LogMessage@google@@QEAA@PEBDH@Z (public: __cdecl google::LogMessage::LogMessage(char const *,int))' defined in 'ortools.lib(logging.cc.obj)' is imported by 'Optimiser.obj'
LINK : warning LNK4286: symbol '??0LogMessageFatal@google@@QEAA@PEBDH@Z (public: __cdecl google::LogMessageFatal::LogMessageFatal(char const *,int))' defined in 'ortools.lib(logging.cc.obj)' is imported by 'Optimiser.obj'
LINK : warning LNK4286: symbol '??1LogMessageFatal@google@@QEAA@XZ (public: __cdecl google::LogMessageFatal::~LogMessageFatal(void))' defined in 'ortools.lib(logging.cc.obj)' is imported by 'Optimiser.obj'
LINK : warning LNK4286: symbol '??1LogMessage@google@@QEAA@XZ (public: __cdecl google::LogMessage::~LogMessage(void))' defined in 'ortools.lib(logging.cc.obj)' is imported by 'Optimiser.obj'
LINK : warning LNK4286: symbol '?stream@LogMessage@google@@QEAAAEAV?$basic_ostream@DU?$char_traits@D@std@@@std@@XZ (public: class std::basic_ostream<char,struct std::char_traits<char> > & __cdecl google::LogMessage::stream(void))' defined in 'ortools.lib(logging.cc.obj)' is imported by 'Optimiser.obj'
ortools.lib(CoinWarmStartBasis.obj) : warning LNK4099: PDB 'libCoinUtils.pdb' was not found with 'ortools.lib(CoinWarmStartBasis.obj)' or at 'C:\Users\Robin\OneDrive\Documenten\GitHub\OWFSim\Optimiser\x64\Release\libCoinUtils.pdb'; linking object as if no debug info
ortools.lib(CoinStructuredModel.obj) : warning LNK4099: PDB 'libCoinUtils.pdb' was not found with 'ortools.lib(CoinStructuredModel.obj)' or at 'C:\Users\Robin\OneDrive\Documenten\GitHub\OWFSim\Optimiser\x64\Release\libCoinUtils.pdb'; linking object as if no debug info
ortools.lib(CoinSimpFactorization.obj) : warning LNK4099: PDB 'libCoinUtils.pdb' was not found with 'ortools.lib(CoinSimpFactorization.obj)' or at 'C:\Users\Robin\OneDrive\Documenten\GitHub\OWFSim\Optimiser\x64\Release\libCoinUtils.pdb'; linking object as if no debug info
ortools.lib(CoinShallowPackedVector.obj) : warning LNK4099: PDB 'libCoinUtils.pdb' was not found with 'ortools.lib(CoinShallowPackedVector.obj)' or at 'C:\Users\Robin\OneDrive\Documenten\GitHub\OWFSim\Optimiser\x64\Release\libCoinUtils.pdb'; linking object as if no debug info
ortools.lib(CoinSearchTree.obj) : warning LNK4099: PDB 'libCoinUtils.pdb' was not found with 'ortools.lib(CoinSearchTree.obj)' or at 'C:\Users\Robin\OneDrive\Documenten\GitHub\OWFSim\Optimiser\x64\Release\libCoinUtils.pdb'; linking object as if no debug info
ortools.lib(CoinRational.obj) : warning LNK4099: PDB 'libCoinUtils.pdb' was not found with 'ortools.lib(CoinRational.obj)' or at 'C:\Users\Robin\OneDrive\Documenten\GitHub\OWFSim\Optimiser\x64\Release\libCoinUtils.pdb'; linking object as if no debug info
ortools.lib(CoinPresolveZeros.obj) : warning LNK4099: PDB 'libCoinUtils.pdb' was not found with 'ortools.lib(CoinPresolveZeros.obj)' or at 'C:\Users\Robin\OneDrive\Documenten\GitHub\OWFSim\Optimiser\x64\Release\libCoinUtils.pdb'; linking object as if no debug info
ortools.lib(CoinPresolveUseless.obj) : warning LNK4099: PDB 'libCoinUtils.pdb' was not found with 'ortools.lib(CoinPresolveUseless.obj)' or at 'C:\Users\Robin\OneDrive\Documenten\GitHub\OWFSim\Optimiser\x64\Release\libCoinUtils.pdb'; linking object as if no debug info
ortools.lib(CoinPresolveTripleton.obj) : warning LNK4099: PDB 'libCoinUtils.pdb' was not found with 'ortools.lib(CoinPresolveTripleton.obj)' or at 'C:\Users\Robin\OneDrive\Documenten\GitHub\OWFSim\Optimiser\x64\Release\libCoinUtils.pdb'; linking object as if no debug info
ortools.lib(CoinPresolveTighten.obj) : warning LNK4099: PDB 'libCoinUtils.pdb' was not found with 'ortools.lib(CoinPresolveTighten.obj)' or at 'C:\Users\Robin\OneDrive\Documenten\GitHub\OWFSim\Optimiser\x64\Release\libCoinUtils.pdb'; linking object as if no debug info
ortools.lib(CoinPresolveSubst.obj) : warning LNK4099: PDB 'libCoinUtils.pdb' was not found with 'ortools.lib(CoinPresolveSubst.obj)' or at 'C:\Users\Robin\OneDrive\Documenten\GitHub\OWFSim\Optimiser\x64\Release\libCoinUtils.pdb'; linking object as if no debug info
ortools.lib(CoinPresolveSingleton.obj) : warning LNK4099: PDB 'libCoinUtils.pdb' was not found with 'ortools.lib(CoinPresolveSingleton.obj)' or at 'C:\Users\Robin\OneDrive\Documenten\GitHub\OWFSim\Optimiser\x64\Release\libCoinUtils.pdb'; linking object as if no debug info
ortools.lib(CoinPresolveMatrix.obj) : warning LNK4099: PDB 'libCoinUtils.pdb' was not found with 'ortools.lib(CoinPresolveMatrix.obj)' or at 'C:\Users\Robin\OneDrive\Documenten\GitHub\OWFSim\Optimiser\x64\Release\libCoinUtils.pdb'; linking object as if no debug info
ortools.lib(CoinPresolveImpliedFree.obj) : warning LNK4099: PDB 'libCoinUtils.pdb' was not found with 'ortools.lib(CoinPresolveImpliedFree.obj)' or at 'C:\Users\Robin\OneDrive\Documenten\GitHub\OWFSim\Optimiser\x64\Release\libCoinUtils.pdb'; linking object as if no debug info
ortools.lib(CoinPresolveHelperFunctions.obj) : warning LNK4099: PDB 'libCoinUtils.pdb' was not found with 'ortools.lib(CoinPresolveHelperFunctions.obj)' or at 'C:\Users\Robin\OneDrive\Documenten\GitHub\OWFSim\Optimiser\x64\Release\libCoinUtils.pdb'; linking object as if no debug info
ortools.lib(CoinPresolveForcing.obj) : warning LNK4099: PDB 'libCoinUtils.pdb' was not found with 'ortools.lib(CoinPresolveForcing.obj)' or at 'C:\Users\Robin\OneDrive\Documenten\GitHub\OWFSim\Optimiser\x64\Release\libCoinUtils.pdb'; linking object as if no debug info
ortools.lib(CoinPresolveFixed.obj) : warning LNK4099: PDB 'libCoinUtils.pdb' was not found with 'ortools.lib(CoinPresolveFixed.obj)' or at 'C:\Users\Robin\OneDrive\Documenten\GitHub\OWFSim\Optimiser\x64\Release\libCoinUtils.pdb'; linking object as if no debug info
ortools.lib(CoinPresolveEmpty.obj) : warning LNK4099: PDB 'libCoinUtils.pdb' was not found with 'ortools.lib(CoinPresolveEmpty.obj)' or at 'C:\Users\Robin\OneDrive\Documenten\GitHub\OWFSim\Optimiser\x64\Release\libCoinUtils.pdb'; linking object as if no debug info
ortools.lib(CoinPresolveDupcol.obj) : warning LNK4099: PDB 'libCoinUtils.pdb' was not found with 'ortools.lib(CoinPresolveDupcol.obj)' or at 'C:\Users\Robin\OneDrive\Documenten\GitHub\OWFSim\Optimiser\x64\Release\libCoinUtils.pdb'; linking object as if no debug info
ortools.lib(CoinPresolveDual.obj) : warning LNK4099: PDB 'libCoinUtils.pdb' was not found with 'ortools.lib(CoinPresolveDual.obj)' or at 'C:\Users\Robin\OneDrive\Documenten\GitHub\OWFSim\Optimiser\x64\Release\libCoinUtils.pdb'; linking object as if no debug info
ortools.lib(CoinPresolveDoubleton.obj) : warning LNK4099: PDB 'libCoinUtils.pdb' was not found with 'ortools.lib(CoinPresolveDoubleton.obj)' or at 'C:\Users\Robin\OneDrive\Documenten\GitHub\OWFSim\Optimiser\x64\Release\libCoinUtils.pdb'; linking object as if no debug info
ortools.lib(CoinPrePostsolveMatrix.obj) : warning LNK4099: PDB 'libCoinUtils.pdb' was not found with 'ortools.lib(CoinPrePostsolveMatrix.obj)' or at 'C:\Users\Robin\OneDrive\Documenten\GitHub\OWFSim\Optimiser\x64\Release\libCoinUtils.pdb'; linking object as if no debug info
ortools.lib(CoinPostsolveMatrix.obj) : warning LNK4099: PDB 'libCoinUtils.pdb' was not found with 'ortools.lib(CoinPostsolveMatrix.obj)' or at 'C:\Users\Robin\OneDrive\Documenten\GitHub\OWFSim\Optimiser\x64\Release\libCoinUtils.pdb'; linking object as if no debug info
ortools.lib(CoinPackedVectorBase.obj) : warning LNK4099: PDB 'libCoinUtils.pdb' was not found with 'ortools.lib(CoinPackedVectorBase.obj)' or at 'C:\Users\Robin\OneDrive\Documenten\GitHub\OWFSim\Optimiser\x64\Release\libCoinUtils.pdb'; linking object as if no debug info
ortools.lib(CoinPackedVector.obj) : warning LNK4099: PDB 'libCoinUtils.pdb' was not found with 'ortools.lib(CoinPackedVector.obj)' or at 'C:\Users\Robin\OneDrive\Documenten\GitHub\OWFSim\Optimiser\x64\Release\libCoinUtils.pdb'; linking object as if no debug info
ortools.lib(CoinPackedMatrix.obj) : warning LNK4099: PDB 'libCoinUtils.pdb' was not found with 'ortools.lib(CoinPackedMatrix.obj)' or at 'C:\Users\Robin\OneDrive\Documenten\GitHub\OWFSim\Optimiser\x64\Release\libCoinUtils.pdb'; linking object as if no debug info
ortools.lib(CoinOslFactorization3.obj) : warning LNK4099: PDB 'libCoinUtils.pdb' was not found with 'ortools.lib(CoinOslFactorization3.obj)' or at 'C:\Users\Robin\OneDrive\Documenten\GitHub\OWFSim\Optimiser\x64\Release\libCoinUtils.pdb'; linking object as if no debug info
ortools.lib(CoinOslFactorization2.obj) : warning LNK4099: PDB 'libCoinUtils.pdb' was not found with 'ortools.lib(CoinOslFactorization2.obj)' or at 'C:\Users\Robin\OneDrive\Documenten\GitHub\OWFSim\Optimiser\x64\Release\libCoinUtils.pdb'; linking object as if no debug info
ortools.lib(CoinOslFactorization.obj) : warning LNK4099: PDB 'libCoinUtils.pdb' was not found with 'ortools.lib(CoinOslFactorization.obj)' or at 'C:\Users\Robin\OneDrive\Documenten\GitHub\OWFSim\Optimiser\x64\Release\libCoinUtils.pdb'; linking object as if no debug info
ortools.lib(CoinMpsIO.obj) : warning LNK4099: PDB 'libCoinUtils.pdb' was not found with 'ortools.lib(CoinMpsIO.obj)' or at 'C:\Users\Robin\OneDrive\Documenten\GitHub\OWFSim\Optimiser\x64\Release\libCoinUtils.pdb'; linking object as if no debug info
ortools.lib(CoinModelUseful2.obj) : warning LNK4099: PDB 'libCoinUtils.pdb' was not found with 'ortools.lib(CoinModelUseful2.obj)' or at 'C:\Users\Robin\OneDrive\Documenten\GitHub\OWFSim\Optimiser\x64\Release\libCoinUtils.pdb'; linking object as if no debug info
ortools.lib(CoinModelUseful.obj) : warning LNK4099: PDB 'libCoinUtils.pdb' was not found with 'ortools.lib(CoinModelUseful.obj)' or at 'C:\Users\Robin\OneDrive\Documenten\GitHub\OWFSim\Optimiser\x64\Release\libCoinUtils.pdb'; linking object as if no debug info
ortools.lib(CoinModel.obj) : warning LNK4099: PDB 'libCoinUtils.pdb' was not found with 'ortools.lib(CoinModel.obj)' or at 'C:\Users\Robin\OneDrive\Documenten\GitHub\OWFSim\Optimiser\x64\Release\libCoinUtils.pdb'; linking object as if no debug info
ortools.lib(CoinMessageHandler.obj) : warning LNK4099: PDB 'libCoinUtils.pdb' was not found with 'ortools.lib(CoinMessageHandler.obj)' or at 'C:\Users\Robin\OneDrive\Documenten\GitHub\OWFSim\Optimiser\x64\Release\libCoinUtils.pdb'; linking object as if no debug info
ortools.lib(CoinMessage.obj) : warning LNK4099: PDB 'libCoinUtils.pdb' was not found with 'ortools.lib(CoinMessage.obj)' or at 'C:\Users\Robin\OneDrive\Documenten\GitHub\OWFSim\Optimiser\x64\Release\libCoinUtils.pdb'; linking object as if no debug info
ortools.lib(CoinLpIO.obj) : warning LNK4099: PDB 'libCoinUtils.pdb' was not found with 'ortools.lib(CoinLpIO.obj)' or at 'C:\Users\Robin\OneDrive\Documenten\GitHub\OWFSim\Optimiser\x64\Release\libCoinUtils.pdb'; linking object as if no debug info
ortools.lib(CoinIndexedVector.obj) : warning LNK4099: PDB 'libCoinUtils.pdb' was not found with 'ortools.lib(CoinIndexedVector.obj)' or at 'C:\Users\Robin\OneDrive\Documenten\GitHub\OWFSim\Optimiser\x64\Release\libCoinUtils.pdb'; linking object as if no debug info
ortools.lib(CoinFinite.obj) : warning LNK4099: PDB 'libCoinUtils.pdb' was not found with 'ortools.lib(CoinFinite.obj)' or at 'C:\Users\Robin\OneDrive\Documenten\GitHub\OWFSim\Optimiser\x64\Release\libCoinUtils.pdb'; linking object as if no debug info
ortools.lib(CoinFileIO.obj) : warning LNK4099: PDB 'libCoinUtils.pdb' was not found with 'ortools.lib(CoinFileIO.obj)' or at 'C:\Users\Robin\OneDrive\Documenten\GitHub\OWFSim\Optimiser\x64\Release\libCoinUtils.pdb'; linking object as if no debug info
ortools.lib(CoinFactorization4.obj) : warning LNK4099: PDB 'libCoinUtils.pdb' was not found with 'ortools.lib(CoinFactorization4.obj)' or at 'C:\Users\Robin\OneDrive\Documenten\GitHub\OWFSim\Optimiser\x64\Release\libCoinUtils.pdb'; linking object as if no debug info
ortools.lib(CoinFactorization3.obj) : warning LNK4099: PDB 'libCoinUtils.pdb' was not found with 'ortools.lib(CoinFactorization3.obj)' or at 'C:\Users\Robin\OneDrive\Documenten\GitHub\OWFSim\Optimiser\x64\Release\libCoinUtils.pdb'; linking object as if no debug info
ortools.lib(CoinFactorization2.obj) : warning LNK4099: PDB 'libCoinUtils.pdb' was not found with 'ortools.lib(CoinFactorization2.obj)' or at 'C:\Users\Robin\OneDrive\Documenten\GitHub\OWFSim\Optimiser\x64\Release\libCoinUtils.pdb'; linking object as if no debug info
ortools.lib(CoinFactorization1.obj) : warning LNK4099: PDB 'libCoinUtils.pdb' was not found with 'ortools.lib(CoinFactorization1.obj)' or at 'C:\Users\Robin\OneDrive\Documenten\GitHub\OWFSim\Optimiser\x64\Release\libCoinUtils.pdb'; linking object as if no debug info
ortools.lib(CoinError.obj) : warning LNK4099: PDB 'libCoinUtils.pdb' was not found with 'ortools.lib(CoinError.obj)' or at 'C:\Users\Robin\OneDrive\Documenten\GitHub\OWFSim\Optimiser\x64\Release\libCoinUtils.pdb'; linking object as if no debug info
ortools.lib(CoinDenseVector.obj) : warning LNK4099: PDB 'libCoinUtils.pdb' was not found with 'ortools.lib(CoinDenseVector.obj)' or at 'C:\Users\Robin\OneDrive\Documenten\GitHub\OWFSim\Optimiser\x64\Release\libCoinUtils.pdb'; linking object as if no debug info
ortools.lib(CoinDenseFactorization.obj) : warning LNK4099: PDB 'libCoinUtils.pdb' was not found with 'ortools.lib(CoinDenseFactorization.obj)' or at 'C:\Users\Robin\OneDrive\Documenten\GitHub\OWFSim\Optimiser\x64\Release\libCoinUtils.pdb'; linking object as if no debug info
ortools.lib(CoinBuild.obj) : warning LNK4099: PDB 'libCoinUtils.pdb' was not found with 'ortools.lib(CoinBuild.obj)' or at 'C:\Users\Robin\OneDrive\Documenten\GitHub\OWFSim\Optimiser\x64\Release\libCoinUtils.pdb'; linking object as if no debug info
ortools.lib(OsiSolverInterface.obj) : warning LNK4099: PDB 'libOsi.pdb' was not found with 'ortools.lib(OsiSolverInterface.obj)' or at 'C:\Users\Robin\OneDrive\Documenten\GitHub\OWFSim\Optimiser\x64\Release\libOsi.pdb'; linking object as if no debug info
ortools.lib(OsiSolverBranch.obj) : warning LNK4099: PDB 'libOsi.pdb' was not found with 'ortools.lib(OsiSolverBranch.obj)' or at 'C:\Users\Robin\OneDrive\Documenten\GitHub\OWFSim\Optimiser\x64\Release\libOsi.pdb'; linking object as if no debug info
ortools.lib(OsiRowCutDebugger.obj) : warning LNK4099: PDB 'libOsi.pdb' was not found with 'ortools.lib(OsiRowCutDebugger.obj)' or at 'C:\Users\Robin\OneDrive\Documenten\GitHub\OWFSim\Optimiser\x64\Release\libOsi.pdb'; linking object as if no debug info
ortools.lib(OsiRowCut.obj) : warning LNK4099: PDB 'libOsi.pdb' was not found with 'ortools.lib(OsiRowCut.obj)' or at 'C:\Users\Robin\OneDrive\Documenten\GitHub\OWFSim\Optimiser\x64\Release\libOsi.pdb'; linking object as if no debug info
ortools.lib(OsiPresolve.obj) : warning LNK4099: PDB 'libOsi.pdb' was not found with 'ortools.lib(OsiPresolve.obj)' or at 'C:\Users\Robin\OneDrive\Documenten\GitHub\OWFSim\Optimiser\x64\Release\libOsi.pdb'; linking object as if no debug info
ortools.lib(OsiNames.obj) : warning LNK4099: PDB 'libOsi.pdb' was not found with 'ortools.lib(OsiNames.obj)' or at 'C:\Users\Robin\OneDrive\Documenten\GitHub\OWFSim\Optimiser\x64\Release\libOsi.pdb'; linking object as if no debug info
ortools.lib(OsiCuts.obj) : warning LNK4099: PDB 'libOsi.pdb' was not found with 'ortools.lib(OsiCuts.obj)' or at 'C:\Users\Robin\OneDrive\Documenten\GitHub\OWFSim\Optimiser\x64\Release\libOsi.pdb'; linking object as if no debug info
ortools.lib(OsiCut.obj) : warning LNK4099: PDB 'libOsi.pdb' was not found with 'ortools.lib(OsiCut.obj)' or at 'C:\Users\Robin\OneDrive\Documenten\GitHub\OWFSim\Optimiser\x64\Release\libOsi.pdb'; linking object as if no debug info
ortools.lib(OsiColCut.obj) : warning LNK4099: PDB 'libOsi.pdb' was not found with 'ortools.lib(OsiColCut.obj)' or at 'C:\Users\Robin\OneDrive\Documenten\GitHub\OWFSim\Optimiser\x64\Release\libOsi.pdb'; linking object as if no debug info
ortools.lib(OsiChooseVariable.obj) : warning LNK4099: PDB 'libOsi.pdb' was not found with 'ortools.lib(OsiChooseVariable.obj)' or at 'C:\Users\Robin\OneDrive\Documenten\GitHub\OWFSim\Optimiser\x64\Release\libOsi.pdb'; linking object as if no debug info
ortools.lib(OsiBranchingObject.obj) : warning LNK4099: PDB 'libOsi.pdb' was not found with 'ortools.lib(OsiBranchingObject.obj)' or at 'C:\Users\Robin\OneDrive\Documenten\GitHub\OWFSim\Optimiser\x64\Release\libOsi.pdb'; linking object as if no debug info
ortools.lib(OsiAuxInfo.obj) : warning LNK4099: PDB 'libOsi.pdb' was not found with 'ortools.lib(OsiAuxInfo.obj)' or at 'C:\Users\Robin\OneDrive\Documenten\GitHub\OWFSim\Optimiser\x64\Release\libOsi.pdb'; linking object as if no debug info
ortools.lib(OsiClpSolverInterface.obj) : warning LNK4099: PDB 'libOsiClp.pdb' was not found with 'ortools.lib(OsiClpSolverInterface.obj)' or at 'C:\Users\Robin\OneDrive\Documenten\GitHub\OWFSim\Optimiser\x64\Release\libOsiClp.pdb'; linking object as if no debug info
ortools.lib(ClpPEDualRowSteepest.obj) : warning LNK4099: PDB 'libClp.pdb' was not found with 'ortools.lib(ClpPEDualRowSteepest.obj)' or at 'C:\Users\Robin\OneDrive\Documenten\GitHub\OWFSim\Optimiser\x64\Release\libClp.pdb'; linking object as if no debug info
ortools.lib(ClpPEDualRowDantzig.obj) : warning LNK4099: PDB 'libClp.pdb' was not found with 'ortools.lib(ClpPEDualRowDantzig.obj)' or at 'C:\Users\Robin\OneDrive\Documenten\GitHub\OWFSim\Optimiser\x64\Release\libClp.pdb'; linking object as if no debug info
ortools.lib(ClpPEPrimalColumnSteepest.obj) : warning LNK4099: PDB 'libClp.pdb' was not found with 'ortools.lib(ClpPEPrimalColumnSteepest.obj)' or at 'C:\Users\Robin\OneDrive\Documenten\GitHub\OWFSim\Optimiser\x64\Release\libClp.pdb'; linking object as if no debug info
ortools.lib(ClpPEPrimalColumnDantzig.obj) : warning LNK4099: PDB 'libClp.pdb' was not found with 'ortools.lib(ClpPEPrimalColumnDantzig.obj)' or at 'C:\Users\Robin\OneDrive\Documenten\GitHub\OWFSim\Optimiser\x64\Release\libClp.pdb'; linking object as if no debug info
ortools.lib(ClpPESimplex.obj) : warning LNK4099: PDB 'libClp.pdb' was not found with 'ortools.lib(ClpPESimplex.obj)' or at 'C:\Users\Robin\OneDrive\Documenten\GitHub\OWFSim\Optimiser\x64\Release\libClp.pdb'; linking object as if no debug info
ortools.lib(IdiSolve.obj) : warning LNK4099: PDB 'libClp.pdb' was not found with 'ortools.lib(IdiSolve.obj)' or at 'C:\Users\Robin\OneDrive\Documenten\GitHub\OWFSim\Optimiser\x64\Release\libClp.pdb'; linking object as if no debug info
ortools.lib(Idiot.obj) : warning LNK4099: PDB 'libClp.pdb' was not found with 'ortools.lib(Idiot.obj)' or at 'C:\Users\Robin\OneDrive\Documenten\GitHub\OWFSim\Optimiser\x64\Release\libClp.pdb'; linking object as if no debug info
ortools.lib(ClpSolve.obj) : warning LNK4099: PDB 'libClp.pdb' was not found with 'ortools.lib(ClpSolve.obj)' or at 'C:\Users\Robin\OneDrive\Documenten\GitHub\OWFSim\Optimiser\x64\Release\libClp.pdb'; linking object as if no debug info
ortools.lib(ClpSimplexPrimal.obj) : warning LNK4099: PDB 'libClp.pdb' was not found with 'ortools.lib(ClpSimplexPrimal.obj)' or at 'C:\Users\Robin\OneDrive\Documenten\GitHub\OWFSim\Optimiser\x64\Release\libClp.pdb'; linking object as if no debug info
ortools.lib(ClpSimplexOther.obj) : warning LNK4099: PDB 'libClp.pdb' was not found with 'ortools.lib(ClpSimplexOther.obj)' or at 'C:\Users\Robin\OneDrive\Documenten\GitHub\OWFSim\Optimiser\x64\Release\libClp.pdb'; linking object as if no debug info
ortools.lib(ClpSimplexNonlinear.obj) : warning LNK4099: PDB 'libClp.pdb' was not found with 'ortools.lib(ClpSimplexNonlinear.obj)' or at 'C:\Users\Robin\OneDrive\Documenten\GitHub\OWFSim\Optimiser\x64\Release\libClp.pdb'; linking object as if no debug info
ortools.lib(ClpSimplexDual.obj) : warning LNK4099: PDB 'libClp.pdb' was not found with 'ortools.lib(ClpSimplexDual.obj)' or at 'C:\Users\Robin\OneDrive\Documenten\GitHub\OWFSim\Optimiser\x64\Release\libClp.pdb'; linking object as if no debug info
ortools.lib(ClpSimplex.obj) : warning LNK4099: PDB 'libClp.pdb' was not found with 'ortools.lib(ClpSimplex.obj)' or at 'C:\Users\Robin\OneDrive\Documenten\GitHub\OWFSim\Optimiser\x64\Release\libClp.pdb'; linking object as if no debug info
ortools.lib(ClpQuadraticObjective.obj) : warning LNK4099: PDB 'libClp.pdb' was not found with 'ortools.lib(ClpQuadraticObjective.obj)' or at 'C:\Users\Robin\OneDrive\Documenten\GitHub\OWFSim\Optimiser\x64\Release\libClp.pdb'; linking object as if no debug info
ortools.lib(ClpPrimalColumnSteepest.obj) : warning LNK4099: PDB 'libClp.pdb' was not found with 'ortools.lib(ClpPrimalColumnSteepest.obj)' or at 'C:\Users\Robin\OneDrive\Documenten\GitHub\OWFSim\Optimiser\x64\Release\libClp.pdb'; linking object as if no debug info
ortools.lib(ClpPrimalColumnPivot.obj) : warning LNK4099: PDB 'libClp.pdb' was not found with 'ortools.lib(ClpPrimalColumnPivot.obj)' or at 'C:\Users\Robin\OneDrive\Documenten\GitHub\OWFSim\Optimiser\x64\Release\libClp.pdb'; linking object as if no debug info
ortools.lib(ClpPrimalColumnDantzig.obj) : warning LNK4099: PDB 'libClp.pdb' was not found with 'ortools.lib(ClpPrimalColumnDantzig.obj)' or at 'C:\Users\Robin\OneDrive\Documenten\GitHub\OWFSim\Optimiser\x64\Release\libClp.pdb'; linking object as if no debug info
ortools.lib(ClpPresolve.obj) : warning LNK4099: PDB 'libClp.pdb' was not found with 'ortools.lib(ClpPresolve.obj)' or at 'C:\Users\Robin\OneDrive\Documenten\GitHub\OWFSim\Optimiser\x64\Release\libClp.pdb'; linking object as if no debug info
ortools.lib(ClpPredictorCorrector.obj) : warning LNK4099: PDB 'libClp.pdb' was not found with 'ortools.lib(ClpPredictorCorrector.obj)' or at 'C:\Users\Robin\OneDrive\Documenten\GitHub\OWFSim\Optimiser\x64\Release\libClp.pdb'; linking object as if no debug info
ortools.lib(ClpPlusMinusOneMatrix.obj) : warning LNK4099: PDB 'libClp.pdb' was not found with 'ortools.lib(ClpPlusMinusOneMatrix.obj)' or at 'C:\Users\Robin\OneDrive\Documenten\GitHub\OWFSim\Optimiser\x64\Release\libClp.pdb'; linking object as if no debug info
ortools.lib(ClpPdco.obj) : warning LNK4099: PDB 'libClp.pdb' was not found with 'ortools.lib(ClpPdco.obj)' or at 'C:\Users\Robin\OneDrive\Documenten\GitHub\OWFSim\Optimiser\x64\Release\libClp.pdb'; linking object as if no debug info
ortools.lib(ClpPackedMatrix.obj) : warning LNK4099: PDB 'libClp.pdb' was not found with 'ortools.lib(ClpPackedMatrix.obj)' or at 'C:\Users\Robin\OneDrive\Documenten\GitHub\OWFSim\Optimiser\x64\Release\libClp.pdb'; linking object as if no debug info
ortools.lib(ClpObjective.obj) : warning LNK4099: PDB 'libClp.pdb' was not found with 'ortools.lib(ClpObjective.obj)' or at 'C:\Users\Robin\OneDrive\Documenten\GitHub\OWFSim\Optimiser\x64\Release\libClp.pdb'; linking object as if no debug info
ortools.lib(ClpNonLinearCost.obj) : warning LNK4099: PDB 'libClp.pdb' was not found with 'ortools.lib(ClpNonLinearCost.obj)' or at 'C:\Users\Robin\OneDrive\Documenten\GitHub\OWFSim\Optimiser\x64\Release\libClp.pdb'; linking object as if no debug info
ortools.lib(ClpNode.obj) : warning LNK4099: PDB 'libClp.pdb' was not found with 'ortools.lib(ClpNode.obj)' or at 'C:\Users\Robin\OneDrive\Documenten\GitHub\OWFSim\Optimiser\x64\Release\libClp.pdb'; linking object as if no debug info
ortools.lib(ClpNetworkMatrix.obj) : warning LNK4099: PDB 'libClp.pdb' was not found with 'ortools.lib(ClpNetworkMatrix.obj)' or at 'C:\Users\Robin\OneDrive\Documenten\GitHub\OWFSim\Optimiser\x64\Release\libClp.pdb'; linking object as if no debug info
ortools.lib(ClpNetworkBasis.obj) : warning LNK4099: PDB 'libClp.pdb' was not found with 'ortools.lib(ClpNetworkBasis.obj)' or at 'C:\Users\Robin\OneDrive\Documenten\GitHub\OWFSim\Optimiser\x64\Release\libClp.pdb'; linking object as if no debug info
ortools.lib(ClpModel.obj) : warning LNK4099: PDB 'libClp.pdb' was not found with 'ortools.lib(ClpModel.obj)' or at 'C:\Users\Robin\OneDrive\Documenten\GitHub\OWFSim\Optimiser\x64\Release\libClp.pdb'; linking object as if no debug info
ortools.lib(ClpMessage.obj) : warning LNK4099: PDB 'libClp.pdb' was not found with 'ortools.lib(ClpMessage.obj)' or at 'C:\Users\Robin\OneDrive\Documenten\GitHub\OWFSim\Optimiser\x64\Release\libClp.pdb'; linking object as if no debug info
ortools.lib(ClpMatrixBase.obj) : warning LNK4099: PDB 'libClp.pdb' was not found with 'ortools.lib(ClpMatrixBase.obj)' or at 'C:\Users\Robin\OneDrive\Documenten\GitHub\OWFSim\Optimiser\x64\Release\libClp.pdb'; linking object as if no debug info
ortools.lib(ClpLsqr.obj) : warning LNK4099: PDB 'libClp.pdb' was not found with 'ortools.lib(ClpLsqr.obj)' or at 'C:\Users\Robin\OneDrive\Documenten\GitHub\OWFSim\Optimiser\x64\Release\libClp.pdb'; linking object as if no debug info
ortools.lib(ClpLinearObjective.obj) : warning LNK4099: PDB 'libClp.pdb' was not found with 'ortools.lib(ClpLinearObjective.obj)' or at 'C:\Users\Robin\OneDrive\Documenten\GitHub\OWFSim\Optimiser\x64\Release\libClp.pdb'; linking object as if no debug info
ortools.lib(ClpInterior.obj) : warning LNK4099: PDB 'libClp.pdb' was not found with 'ortools.lib(ClpInterior.obj)' or at 'C:\Users\Robin\OneDrive\Documenten\GitHub\OWFSim\Optimiser\x64\Release\libClp.pdb'; linking object as if no debug info
ortools.lib(ClpHelperFunctions.obj) : warning LNK4099: PDB 'libClp.pdb' was not found with 'ortools.lib(ClpHelperFunctions.obj)' or at 'C:\Users\Robin\OneDrive\Documenten\GitHub\OWFSim\Optimiser\x64\Release\libClp.pdb'; linking object as if no debug info
ortools.lib(ClpFactorization.obj) : warning LNK4099: PDB 'libClp.pdb' was not found with 'ortools.lib(ClpFactorization.obj)' or at 'C:\Users\Robin\OneDrive\Documenten\GitHub\OWFSim\Optimiser\x64\Release\libClp.pdb'; linking object as if no debug info
ortools.lib(ClpEventHandler.obj) : warning LNK4099: PDB 'libClp.pdb' was not found with 'ortools.lib(ClpEventHandler.obj)' or at 'C:\Users\Robin\OneDrive\Documenten\GitHub\OWFSim\Optimiser\x64\Release\libClp.pdb'; linking object as if no debug info
ortools.lib(ClpDynamicMatrix.obj) : warning LNK4099: PDB 'libClp.pdb' was not found with 'ortools.lib(ClpDynamicMatrix.obj)' or at 'C:\Users\Robin\OneDrive\Documenten\GitHub\OWFSim\Optimiser\x64\Release\libClp.pdb'; linking object as if no debug info
ortools.lib(ClpDualRowSteepest.obj) : warning LNK4099: PDB 'libClp.pdb' was not found with 'ortools.lib(ClpDualRowSteepest.obj)' or at 'C:\Users\Robin\OneDrive\Documenten\GitHub\OWFSim\Optimiser\x64\Release\libClp.pdb'; linking object as if no debug info
ortools.lib(ClpDualRowPivot.obj) : warning LNK4099: PDB 'libClp.pdb' was not found with 'ortools.lib(ClpDualRowPivot.obj)' or at 'C:\Users\Robin\OneDrive\Documenten\GitHub\OWFSim\Optimiser\x64\Release\libClp.pdb'; linking object as if no debug info
ortools.lib(ClpDualRowDantzig.obj) : warning LNK4099: PDB 'libClp.pdb' was not found with 'ortools.lib(ClpDualRowDantzig.obj)' or at 'C:\Users\Robin\OneDrive\Documenten\GitHub\OWFSim\Optimiser\x64\Release\libClp.pdb'; linking object as if no debug info
ortools.lib(ClpConstraintQuadratic.obj) : warning LNK4099: PDB 'libClp.pdb' was not found with 'ortools.lib(ClpConstraintQuadratic.obj)' or at 'C:\Users\Robin\OneDrive\Documenten\GitHub\OWFSim\Optimiser\x64\Release\libClp.pdb'; linking object as if no debug info
ortools.lib(ClpConstraint.obj) : warning LNK4099: PDB 'libClp.pdb' was not found with 'ortools.lib(ClpConstraint.obj)' or at 'C:\Users\Robin\OneDrive\Documenten\GitHub\OWFSim\Optimiser\x64\Release\libClp.pdb'; linking object as if no debug info
ortools.lib(ClpCholeskyDense.obj) : warning LNK4099: PDB 'libClp.pdb' was not found with 'ortools.lib(ClpCholeskyDense.obj)' or at 'C:\Users\Robin\OneDrive\Documenten\GitHub\OWFSim\Optimiser\x64\Release\libClp.pdb'; linking object as if no debug info
ortools.lib(ClpCholeskyBase.obj) : warning LNK4099: PDB 'libClp.pdb' was not found with 'ortools.lib(ClpCholeskyBase.obj)' or at 'C:\Users\Robin\OneDrive\Documenten\GitHub\OWFSim\Optimiser\x64\Release\libClp.pdb'; linking object as if no debug info
ortools.lib(CglZeroHalf.obj) : warning LNK4099: PDB 'libCgl.pdb' was not found with 'ortools.lib(CglZeroHalf.obj)' or at 'C:\Users\Robin\OneDrive\Documenten\GitHub\OWFSim\Optimiser\x64\Release\libCgl.pdb'; linking object as if no debug info
ortools.lib(Cgl012cut.obj) : warning LNK4099: PDB 'libCgl.pdb' was not found with 'ortools.lib(Cgl012cut.obj)' or at 'C:\Users\Robin\OneDrive\Documenten\GitHub\OWFSim\Optimiser\x64\Release\libCgl.pdb'; linking object as if no debug info
ortools.lib(CglTwomir.obj) : warning LNK4099: PDB 'libCgl.pdb' was not found with 'ortools.lib(CglTwomir.obj)' or at 'C:\Users\Robin\OneDrive\Documenten\GitHub\OWFSim\Optimiser\x64\Release\libCgl.pdb'; linking object as if no debug info
ortools.lib(CglTreeInfo.obj) : warning LNK4099: PDB 'libCgl.pdb' was not found with 'ortools.lib(CglTreeInfo.obj)' or at 'C:\Users\Robin\OneDrive\Documenten\GitHub\OWFSim\Optimiser\x64\Release\libCgl.pdb'; linking object as if no debug info
ortools.lib(CglStored.obj) : warning LNK4099: PDB 'libCgl.pdb' was not found with 'ortools.lib(CglStored.obj)' or at 'C:\Users\Robin\OneDrive\Documenten\GitHub\OWFSim\Optimiser\x64\Release\libCgl.pdb'; linking object as if no debug info
ortools.lib(CglResidualCapacity.obj) : warning LNK4099: PDB 'libCgl.pdb' was not found with 'ortools.lib(CglResidualCapacity.obj)' or at 'C:\Users\Robin\OneDrive\Documenten\GitHub\OWFSim\Optimiser\x64\Release\libCgl.pdb'; linking object as if no debug info
ortools.lib(CglRedSplitParam.obj) : warning LNK4099: PDB 'libCgl.pdb' was not found with 'ortools.lib(CglRedSplitParam.obj)' or at 'C:\Users\Robin\OneDrive\Documenten\GitHub\OWFSim\Optimiser\x64\Release\libCgl.pdb'; linking object as if no debug info
ortools.lib(CglRedSplit.obj) : warning LNK4099: PDB 'libCgl.pdb' was not found with 'ortools.lib(CglRedSplit.obj)' or at 'C:\Users\Robin\OneDrive\Documenten\GitHub\OWFSim\Optimiser\x64\Release\libCgl.pdb'; linking object as if no debug info
ortools.lib(CglRedSplit2Param.obj) : warning LNK4099: PDB 'libCgl.pdb' was not found with 'ortools.lib(CglRedSplit2Param.obj)' or at 'C:\Users\Robin\OneDrive\Documenten\GitHub\OWFSim\Optimiser\x64\Release\libCgl.pdb'; linking object as if no debug info
ortools.lib(CglRedSplit2.obj) : warning LNK4099: PDB 'libCgl.pdb' was not found with 'ortools.lib(CglRedSplit2.obj)' or at 'C:\Users\Robin\OneDrive\Documenten\GitHub\OWFSim\Optimiser\x64\Release\libCgl.pdb'; linking object as if no debug info
ortools.lib(CglProbing.obj) : warning LNK4099: PDB 'libCgl.pdb' was not found with 'ortools.lib(CglProbing.obj)' or at 'C:\Users\Robin\OneDrive\Documenten\GitHub\OWFSim\Optimiser\x64\Release\libCgl.pdb'; linking object as if no debug info
ortools.lib(CglPreProcess.obj) : warning LNK4099: PDB 'libCgl.pdb' was not found with 'ortools.lib(CglPreProcess.obj)' or at 'C:\Users\Robin\OneDrive\Documenten\GitHub\OWFSim\Optimiser\x64\Release\libCgl.pdb'; linking object as if no debug info
ortools.lib(CglParam.obj) : warning LNK4099: PDB 'libCgl.pdb' was not found with 'ortools.lib(CglParam.obj)' or at 'C:\Users\Robin\OneDrive\Documenten\GitHub\OWFSim\Optimiser\x64\Release\libCgl.pdb'; linking object as if no debug info
ortools.lib(CglMixedIntegerRounding2.obj) : warning LNK4099: PDB 'libCgl.pdb' was not found with 'ortools.lib(CglMixedIntegerRounding2.obj)' or at 'C:\Users\Robin\OneDrive\Documenten\GitHub\OWFSim\Optimiser\x64\Release\libCgl.pdb'; linking object as if no debug info
ortools.lib(CglMessage.obj) : warning LNK4099: PDB 'libCgl.pdb' was not found with 'ortools.lib(CglMessage.obj)' or at 'C:\Users\Robin\OneDrive\Documenten\GitHub\OWFSim\Optimiser\x64\Release\libCgl.pdb'; linking object as if no debug info
ortools.lib(CglLandPValidator.obj) : warning LNK4099: PDB 'libCgl.pdb' was not found with 'ortools.lib(CglLandPValidator.obj)' or at 'C:\Users\Robin\OneDrive\Documenten\GitHub\OWFSim\Optimiser\x64\Release\libCgl.pdb'; linking object as if no debug info
ortools.lib(CglLandPUtils.obj) : warning LNK4099: PDB 'libCgl.pdb' was not found with 'ortools.lib(CglLandPUtils.obj)' or at 'C:\Users\Robin\OneDrive\Documenten\GitHub\OWFSim\Optimiser\x64\Release\libCgl.pdb'; linking object as if no debug info
ortools.lib(CglLandPTabRow.obj) : warning LNK4099: PDB 'libCgl.pdb' was not found with 'ortools.lib(CglLandPTabRow.obj)' or at 'C:\Users\Robin\OneDrive\Documenten\GitHub\OWFSim\Optimiser\x64\Release\libCgl.pdb'; linking object as if no debug info
ortools.lib(CglLandPSimplex.obj) : warning LNK4099: PDB 'libCgl.pdb' was not found with 'ortools.lib(CglLandPSimplex.obj)' or at 'C:\Users\Robin\OneDrive\Documenten\GitHub\OWFSim\Optimiser\x64\Release\libCgl.pdb'; linking object as if no debug info
ortools.lib(CglLandPMessages.obj) : warning LNK4099: PDB 'libCgl.pdb' was not found with 'ortools.lib(CglLandPMessages.obj)' or at 'C:\Users\Robin\OneDrive\Documenten\GitHub\OWFSim\Optimiser\x64\Release\libCgl.pdb'; linking object as if no debug info
ortools.lib(CglLandP.obj) : warning LNK4099: PDB 'libCgl.pdb' was not found with 'ortools.lib(CglLandP.obj)' or at 'C:\Users\Robin\OneDrive\Documenten\GitHub\OWFSim\Optimiser\x64\Release\libCgl.pdb'; linking object as if no debug info
ortools.lib(CglKnapsackCover.obj) : warning LNK4099: PDB 'libCgl.pdb' was not found with 'ortools.lib(CglKnapsackCover.obj)' or at 'C:\Users\Robin\OneDrive\Documenten\GitHub\OWFSim\Optimiser\x64\Release\libCgl.pdb'; linking object as if no debug info
ortools.lib(CglGomory.obj) : warning LNK4099: PDB 'libCgl.pdb' was not found with 'ortools.lib(CglGomory.obj)' or at 'C:\Users\Robin\OneDrive\Documenten\GitHub\OWFSim\Optimiser\x64\Release\libCgl.pdb'; linking object as if no debug info
ortools.lib(CglGMIParam.obj) : warning LNK4099: PDB 'libCgl.pdb' was not found with 'ortools.lib(CglGMIParam.obj)' or at 'C:\Users\Robin\OneDrive\Documenten\GitHub\OWFSim\Optimiser\x64\Release\libCgl.pdb'; linking object as if no debug info
ortools.lib(CglGMI.obj) : warning LNK4099: PDB 'libCgl.pdb' was not found with 'ortools.lib(CglGMI.obj)' or at 'C:\Users\Robin\OneDrive\Documenten\GitHub\OWFSim\Optimiser\x64\Release\libCgl.pdb'; linking object as if no debug info
ortools.lib(CglFlowCover.obj) : warning LNK4099: PDB 'libCgl.pdb' was not found with 'ortools.lib(CglFlowCover.obj)' or at 'C:\Users\Robin\OneDrive\Documenten\GitHub\OWFSim\Optimiser\x64\Release\libCgl.pdb'; linking object as if no debug info
ortools.lib(CglDuplicateRow.obj) : warning LNK4099: PDB 'libCgl.pdb' was not found with 'ortools.lib(CglDuplicateRow.obj)' or at 'C:\Users\Robin\OneDrive\Documenten\GitHub\OWFSim\Optimiser\x64\Release\libCgl.pdb'; linking object as if no debug info
ortools.lib(CglCutGenerator.obj) : warning LNK4099: PDB 'libCgl.pdb' was not found with 'ortools.lib(CglCutGenerator.obj)' or at 'C:\Users\Robin\OneDrive\Documenten\GitHub\OWFSim\Optimiser\x64\Release\libCgl.pdb'; linking object as if no debug info
ortools.lib(CglCliqueHelper.obj) : warning LNK4099: PDB 'libCgl.pdb' was not found with 'ortools.lib(CglCliqueHelper.obj)' or at 'C:\Users\Robin\OneDrive\Documenten\GitHub\OWFSim\Optimiser\x64\Release\libCgl.pdb'; linking object as if no debug info
ortools.lib(CglClique.obj) : warning LNK4099: PDB 'libCgl.pdb' was not found with 'ortools.lib(CglClique.obj)' or at 'C:\Users\Robin\OneDrive\Documenten\GitHub\OWFSim\Optimiser\x64\Release\libCgl.pdb'; linking object as if no debug info
ortools.lib(CbcTreeLocal.obj) : warning LNK4099: PDB 'libCbc.pdb' was not found with 'ortools.lib(CbcTreeLocal.obj)' or at 'C:\Users\Robin\OneDrive\Documenten\GitHub\OWFSim\Optimiser\x64\Release\libCbc.pdb'; linking object as if no debug info
ortools.lib(CbcTree.obj) : warning LNK4099: PDB 'libCbc.pdb' was not found with 'ortools.lib(CbcTree.obj)' or at 'C:\Users\Robin\OneDrive\Documenten\GitHub\OWFSim\Optimiser\x64\Release\libCbc.pdb'; linking object as if no debug info
ortools.lib(CbcThread.obj) : warning LNK4099: PDB 'libCbc.pdb' was not found with 'ortools.lib(CbcThread.obj)' or at 'C:\Users\Robin\OneDrive\Documenten\GitHub\OWFSim\Optimiser\x64\Release\libCbc.pdb'; linking object as if no debug info
ortools.lib(CbcSubProblem.obj) : warning LNK4099: PDB 'libCbc.pdb' was not found with 'ortools.lib(CbcSubProblem.obj)' or at 'C:\Users\Robin\OneDrive\Documenten\GitHub\OWFSim\Optimiser\x64\Release\libCbc.pdb'; linking object as if no debug info
ortools.lib(CbcStrategy.obj) : warning LNK4099: PDB 'libCbc.pdb' was not found with 'ortools.lib(CbcStrategy.obj)' or at 'C:\Users\Robin\OneDrive\Documenten\GitHub\OWFSim\Optimiser\x64\Release\libCbc.pdb'; linking object as if no debug info
ortools.lib(CbcStatistics.obj) : warning LNK4099: PDB 'libCbc.pdb' was not found with 'ortools.lib(CbcStatistics.obj)' or at 'C:\Users\Robin\OneDrive\Documenten\GitHub\OWFSim\Optimiser\x64\Release\libCbc.pdb'; linking object as if no debug info
ortools.lib(CbcSOS.obj) : warning LNK4099: PDB 'libCbc.pdb' was not found with 'ortools.lib(CbcSOS.obj)' or at 'C:\Users\Robin\OneDrive\Documenten\GitHub\OWFSim\Optimiser\x64\Release\libCbc.pdb'; linking object as if no debug info
ortools.lib(CbcSimpleIntegerPseudoCost.obj) : warning LNK4099: PDB 'libCbc.pdb' was not found with 'ortools.lib(CbcSimpleIntegerPseudoCost.obj)' or at 'C:\Users\Robin\OneDrive\Documenten\GitHub\OWFSim\Optimiser\x64\Release\libCbc.pdb'; linking object as if no debug info
ortools.lib(CbcSimpleIntegerDynamicPseudoCost.obj) : warning LNK4099: PDB 'libCbc.pdb' was not found with 'ortools.lib(CbcSimpleIntegerDynamicPseudoCost.obj)' or at 'C:\Users\Robin\OneDrive\Documenten\GitHub\OWFSim\Optimiser\x64\Release\libCbc.pdb'; linking object as if no debug info
ortools.lib(CbcSimpleInteger.obj) : warning LNK4099: PDB 'libCbc.pdb' was not found with 'ortools.lib(CbcSimpleInteger.obj)' or at 'C:\Users\Robin\OneDrive\Documenten\GitHub\OWFSim\Optimiser\x64\Release\libCbc.pdb'; linking object as if no debug info
ortools.lib(CbcPartialNodeInfo.obj) : warning LNK4099: PDB 'libCbc.pdb' was not found with 'ortools.lib(CbcPartialNodeInfo.obj)' or at 'C:\Users\Robin\OneDrive\Documenten\GitHub\OWFSim\Optimiser\x64\Release\libCbc.pdb'; linking object as if no debug info
ortools.lib(CbcObjectUpdateData.obj) : warning LNK4099: PDB 'libCbc.pdb' was not found with 'ortools.lib(CbcObjectUpdateData.obj)' or at 'C:\Users\Robin\OneDrive\Documenten\GitHub\OWFSim\Optimiser\x64\Release\libCbc.pdb'; linking object as if no debug info
ortools.lib(CbcObject.obj) : warning LNK4099: PDB 'libCbc.pdb' was not found with 'ortools.lib(CbcObject.obj)' or at 'C:\Users\Robin\OneDrive\Documenten\GitHub\OWFSim\Optimiser\x64\Release\libCbc.pdb'; linking object as if no debug info
ortools.lib(CbcNodeInfo.obj) : warning LNK4099: PDB 'libCbc.pdb' was not found with 'ortools.lib(CbcNodeInfo.obj)' or at 'C:\Users\Robin\OneDrive\Documenten\GitHub\OWFSim\Optimiser\x64\Release\libCbc.pdb'; linking object as if no debug info
ortools.lib(CbcNode.obj) : warning LNK4099: PDB 'libCbc.pdb' was not found with 'ortools.lib(CbcNode.obj)' or at 'C:\Users\Robin\OneDrive\Documenten\GitHub\OWFSim\Optimiser\x64\Release\libCbc.pdb'; linking object as if no debug info
ortools.lib(CbcModel.obj) : warning LNK4099: PDB 'libCbc.pdb' was not found with 'ortools.lib(CbcModel.obj)' or at 'C:\Users\Robin\OneDrive\Documenten\GitHub\OWFSim\Optimiser\x64\Release\libCbc.pdb'; linking object as if no debug info
ortools.lib(CbcMipStartIO.obj) : warning LNK4099: PDB 'libCbc.pdb' was not found with 'ortools.lib(CbcMipStartIO.obj)' or at 'C:\Users\Robin\OneDrive\Documenten\GitHub\OWFSim\Optimiser\x64\Release\libCbc.pdb'; linking object as if no debug info
ortools.lib(CbcMessage.obj) : warning LNK4099: PDB 'libCbc.pdb' was not found with 'ortools.lib(CbcMessage.obj)' or at 'C:\Users\Robin\OneDrive\Documenten\GitHub\OWFSim\Optimiser\x64\Release\libCbc.pdb'; linking object as if no debug info
ortools.lib(CbcHeuristicVND.obj) : warning LNK4099: PDB 'libCbc.pdb' was not found with 'ortools.lib(CbcHeuristicVND.obj)' or at 'C:\Users\Robin\OneDrive\Documenten\GitHub\OWFSim\Optimiser\x64\Release\libCbc.pdb'; linking object as if no debug info
ortools.lib(CbcHeuristicRINS.obj) : warning LNK4099: PDB 'libCbc.pdb' was not found with 'ortools.lib(CbcHeuristicRINS.obj)' or at 'C:\Users\Robin\OneDrive\Documenten\GitHub\OWFSim\Optimiser\x64\Release\libCbc.pdb'; linking object as if no debug info
ortools.lib(CbcHeuristicRENS.obj) : warning LNK4099: PDB 'libCbc.pdb' was not found with 'ortools.lib(CbcHeuristicRENS.obj)' or at 'C:\Users\Robin\OneDrive\Documenten\GitHub\OWFSim\Optimiser\x64\Release\libCbc.pdb'; linking object as if no debug info
ortools.lib(CbcHeuristicRandRound.obj) : warning LNK4099: PDB 'libCbc.pdb' was not found with 'ortools.lib(CbcHeuristicRandRound.obj)' or at 'C:\Users\Robin\OneDrive\Documenten\GitHub\OWFSim\Optimiser\x64\Release\libCbc.pdb'; linking object as if no debug info
ortools.lib(CbcHeuristicPivotAndFix.obj) : warning LNK4099: PDB 'libCbc.pdb' was not found with 'ortools.lib(CbcHeuristicPivotAndFix.obj)' or at 'C:\Users\Robin\OneDrive\Documenten\GitHub\OWFSim\Optimiser\x64\Release\libCbc.pdb'; linking object as if no debug info
ortools.lib(CbcHeuristicLocal.obj) : warning LNK4099: PDB 'libCbc.pdb' was not found with 'ortools.lib(CbcHeuristicLocal.obj)' or at 'C:\Users\Robin\OneDrive\Documenten\GitHub\OWFSim\Optimiser\x64\Release\libCbc.pdb'; linking object as if no debug info
ortools.lib(CbcHeuristicGreedy.obj) : warning LNK4099: PDB 'libCbc.pdb' was not found with 'ortools.lib(CbcHeuristicGreedy.obj)' or at 'C:\Users\Robin\OneDrive\Documenten\GitHub\OWFSim\Optimiser\x64\Release\libCbc.pdb'; linking object as if no debug info
ortools.lib(CbcHeuristicFPump.obj) : warning LNK4099: PDB 'libCbc.pdb' was not found with 'ortools.lib(CbcHeuristicFPump.obj)' or at 'C:\Users\Robin\OneDrive\Documenten\GitHub\OWFSim\Optimiser\x64\Release\libCbc.pdb'; linking object as if no debug info
ortools.lib(CbcHeuristicDW.obj) : warning LNK4099: PDB 'libCbc.pdb' was not found with 'ortools.lib(CbcHeuristicDW.obj)' or at 'C:\Users\Robin\OneDrive\Documenten\GitHub\OWFSim\Optimiser\x64\Release\libCbc.pdb'; linking object as if no debug info
ortools.lib(CbcHeuristicDiveVectorLength.obj) : warning LNK4099: PDB 'libCbc.pdb' was not found with 'ortools.lib(CbcHeuristicDiveVectorLength.obj)' or at 'C:\Users\Robin\OneDrive\Documenten\GitHub\OWFSim\Optimiser\x64\Release\libCbc.pdb'; linking object as if no debug info
ortools.lib(CbcHeuristicDivePseudoCost.obj) : warning LNK4099: PDB 'libCbc.pdb' was not found with 'ortools.lib(CbcHeuristicDivePseudoCost.obj)' or at 'C:\Users\Robin\OneDrive\Documenten\GitHub\OWFSim\Optimiser\x64\Release\libCbc.pdb'; linking object as if no debug info
ortools.lib(CbcHeuristicDiveLineSearch.obj) : warning LNK4099: PDB 'libCbc.pdb' was not found with 'ortools.lib(CbcHeuristicDiveLineSearch.obj)' or at 'C:\Users\Robin\OneDrive\Documenten\GitHub\OWFSim\Optimiser\x64\Release\libCbc.pdb'; linking object as if no debug info
ortools.lib(CbcHeuristicDiveGuided.obj) : warning LNK4099: PDB 'libCbc.pdb' was not found with 'ortools.lib(CbcHeuristicDiveGuided.obj)' or at 'C:\Users\Robin\OneDrive\Documenten\GitHub\OWFSim\Optimiser\x64\Release\libCbc.pdb'; linking object as if no debug info
ortools.lib(CbcHeuristicDiveFractional.obj) : warning LNK4099: PDB 'libCbc.pdb' was not found with 'ortools.lib(CbcHeuristicDiveFractional.obj)' or at 'C:\Users\Robin\OneDrive\Documenten\GitHub\OWFSim\Optimiser\x64\Release\libCbc.pdb'; linking object as if no debug info
ortools.lib(CbcHeuristicDiveCoefficient.obj) : warning LNK4099: PDB 'libCbc.pdb' was not found with 'ortools.lib(CbcHeuristicDiveCoefficient.obj)' or at 'C:\Users\Robin\OneDrive\Documenten\GitHub\OWFSim\Optimiser\x64\Release\libCbc.pdb'; linking object as if no debug info
ortools.lib(CbcHeuristicDive.obj) : warning LNK4099: PDB 'libCbc.pdb' was not found with 'ortools.lib(CbcHeuristicDive.obj)' or at 'C:\Users\Robin\OneDrive\Documenten\GitHub\OWFSim\Optimiser\x64\Release\libCbc.pdb'; linking object as if no debug info
ortools.lib(CbcHeuristicDINS.obj) : warning LNK4099: PDB 'libCbc.pdb' was not found with 'ortools.lib(CbcHeuristicDINS.obj)' or at 'C:\Users\Robin\OneDrive\Documenten\GitHub\OWFSim\Optimiser\x64\Release\libCbc.pdb'; linking object as if no debug info
ortools.lib(CbcHeuristic.obj) : warning LNK4099: PDB 'libCbc.pdb' was not found with 'ortools.lib(CbcHeuristic.obj)' or at 'C:\Users\Robin\OneDrive\Documenten\GitHub\OWFSim\Optimiser\x64\Release\libCbc.pdb'; linking object as if no debug info
ortools.lib(CbcGeneralDepth.obj) : warning LNK4099: PDB 'libCbc.pdb' was not found with 'ortools.lib(CbcGeneralDepth.obj)' or at 'C:\Users\Robin\OneDrive\Documenten\GitHub\OWFSim\Optimiser\x64\Release\libCbc.pdb'; linking object as if no debug info
ortools.lib(CbcGeneral.obj) : warning LNK4099: PDB 'libCbc.pdb' was not found with 'ortools.lib(CbcGeneral.obj)' or at 'C:\Users\Robin\OneDrive\Documenten\GitHub\OWFSim\Optimiser\x64\Release\libCbc.pdb'; linking object as if no debug info
ortools.lib(CbcFullNodeInfo.obj) : warning LNK4099: PDB 'libCbc.pdb' was not found with 'ortools.lib(CbcFullNodeInfo.obj)' or at 'C:\Users\Robin\OneDrive\Documenten\GitHub\OWFSim\Optimiser\x64\Release\libCbc.pdb'; linking object as if no debug info
ortools.lib(CbcFollowOn.obj) : warning LNK4099: PDB 'libCbc.pdb' was not found with 'ortools.lib(CbcFollowOn.obj)' or at 'C:\Users\Robin\OneDrive\Documenten\GitHub\OWFSim\Optimiser\x64\Release\libCbc.pdb'; linking object as if no debug info
ortools.lib(CbcFathom.obj) : warning LNK4099: PDB 'libCbc.pdb' was not found with 'ortools.lib(CbcFathom.obj)' or at 'C:\Users\Robin\OneDrive\Documenten\GitHub\OWFSim\Optimiser\x64\Release\libCbc.pdb'; linking object as if no debug info
ortools.lib(CbcDummyBranchingObject.obj) : warning LNK4099: PDB 'libCbc.pdb' was not found with 'ortools.lib(CbcDummyBranchingObject.obj)' or at 'C:\Users\Robin\OneDrive\Documenten\GitHub\OWFSim\Optimiser\x64\Release\libCbc.pdb'; linking object as if no debug info
ortools.lib(CbcCutGenerator.obj) : warning LNK4099: PDB 'libCbc.pdb' was not found with 'ortools.lib(CbcCutGenerator.obj)' or at 'C:\Users\Robin\OneDrive\Documenten\GitHub\OWFSim\Optimiser\x64\Release\libCbc.pdb'; linking object as if no debug info
ortools.lib(CbcCountRowCut.obj) : warning LNK4099: PDB 'libCbc.pdb' was not found with 'ortools.lib(CbcCountRowCut.obj)' or at 'C:\Users\Robin\OneDrive\Documenten\GitHub\OWFSim\Optimiser\x64\Release\libCbc.pdb'; linking object as if no debug info
ortools.lib(CbcCompareObjective.obj) : warning LNK4099: PDB 'libCbc.pdb' was not found with 'ortools.lib(CbcCompareObjective.obj)' or at 'C:\Users\Robin\OneDrive\Documenten\GitHub\OWFSim\Optimiser\x64\Release\libCbc.pdb'; linking object as if no debug info
ortools.lib(CbcCompareDepth.obj) : warning LNK4099: PDB 'libCbc.pdb' was not found with 'ortools.lib(CbcCompareDepth.obj)' or at 'C:\Users\Robin\OneDrive\Documenten\GitHub\OWFSim\Optimiser\x64\Release\libCbc.pdb'; linking object as if no debug info
ortools.lib(CbcCompareDefault.obj) : warning LNK4099: PDB 'libCbc.pdb' was not found with 'ortools.lib(CbcCompareDefault.obj)' or at 'C:\Users\Robin\OneDrive\Documenten\GitHub\OWFSim\Optimiser\x64\Release\libCbc.pdb'; linking object as if no debug info
ortools.lib(CbcClique.obj) : warning LNK4099: PDB 'libCbc.pdb' was not found with 'ortools.lib(CbcClique.obj)' or at 'C:\Users\Robin\OneDrive\Documenten\GitHub\OWFSim\Optimiser\x64\Release\libCbc.pdb'; linking object as if no debug info
ortools.lib(CbcBranchLotsize.obj) : warning LNK4099: PDB 'libCbc.pdb' was not found with 'ortools.lib(CbcBranchLotsize.obj)' or at 'C:\Users\Robin\OneDrive\Documenten\GitHub\OWFSim\Optimiser\x64\Release\libCbc.pdb'; linking object as if no debug info
ortools.lib(CbcBranchingObject.obj) : warning LNK4099: PDB 'libCbc.pdb' was not found with 'ortools.lib(CbcBranchingObject.obj)' or at 'C:\Users\Robin\OneDrive\Documenten\GitHub\OWFSim\Optimiser\x64\Release\libCbc.pdb'; linking object as if no debug info
ortools.lib(CbcBranchDynamic.obj) : warning LNK4099: PDB 'libCbc.pdb' was not found with 'ortools.lib(CbcBranchDynamic.obj)' or at 'C:\Users\Robin\OneDrive\Documenten\GitHub\OWFSim\Optimiser\x64\Release\libCbc.pdb'; linking object as if no debug info
ortools.lib(CbcBranchDefaultDecision.obj) : warning LNK4099: PDB 'libCbc.pdb' was not found with 'ortools.lib(CbcBranchDefaultDecision.obj)' or at 'C:\Users\Robin\OneDrive\Documenten\GitHub\OWFSim\Optimiser\x64\Release\libCbc.pdb'; linking object as if no debug info
ortools.lib(CbcBranchDecision.obj) : warning LNK4099: PDB 'libCbc.pdb' was not found with 'ortools.lib(CbcBranchDecision.obj)' or at 'C:\Users\Robin\OneDrive\Documenten\GitHub\OWFSim\Optimiser\x64\Release\libCbc.pdb'; linking object as if no debug info
ortools.lib(CbcBranchCut.obj) : warning LNK4099: PDB 'libCbc.pdb' was not found with 'ortools.lib(CbcBranchCut.obj)' or at 'C:\Users\Robin\OneDrive\Documenten\GitHub\OWFSim\Optimiser\x64\Release\libCbc.pdb'; linking object as if no debug info
ortools.lib(unitTestClp.obj) : warning LNK4099: PDB 'libCbcSolver.pdb' was not found with 'ortools.lib(unitTestClp.obj)' or at 'C:\Users\Robin\OneDrive\Documenten\GitHub\OWFSim\Optimiser\x64\Release\libCbcSolver.pdb'; linking object as if no debug info
ortools.lib(CbcSolverHeuristics.obj) : warning LNK4099: PDB 'libCbcSolver.pdb' was not found with 'ortools.lib(CbcSolverHeuristics.obj)' or at 'C:\Users\Robin\OneDrive\Documenten\GitHub\OWFSim\Optimiser\x64\Release\libCbcSolver.pdb'; linking object as if no debug info
ortools.lib(CbcSolverExpandKnapsack.obj) : warning LNK4099: PDB 'libCbcSolver.pdb' was not found with 'ortools.lib(CbcSolverExpandKnapsack.obj)' or at 'C:\Users\Robin\OneDrive\Documenten\GitHub\OWFSim\Optimiser\x64\Release\libCbcSolver.pdb'; linking object as if no debug info
ortools.lib(CbcSolverAnalyze.obj) : warning LNK4099: PDB 'libCbcSolver.pdb' was not found with 'ortools.lib(CbcSolverAnalyze.obj)' or at 'C:\Users\Robin\OneDrive\Documenten\GitHub\OWFSim\Optimiser\x64\Release\libCbcSolver.pdb'; linking object as if no debug info
ortools.lib(CbcSolver.obj) : warning LNK4099: PDB 'libCbcSolver.pdb' was not found with 'ortools.lib(CbcSolver.obj)' or at 'C:\Users\Robin\OneDrive\Documenten\GitHub\OWFSim\Optimiser\x64\Release\libCbcSolver.pdb'; linking object as if no debug info
ortools.lib(CbcLinkedUtils.obj) : warning LNK4099: PDB 'libCbcSolver.pdb' was not found with 'ortools.lib(CbcLinkedUtils.obj)' or at 'C:\Users\Robin\OneDrive\Documenten\GitHub\OWFSim\Optimiser\x64\Release\libCbcSolver.pdb'; linking object as if no debug info
ortools.lib(CbcLinked.obj) : warning LNK4099: PDB 'libCbcSolver.pdb' was not found with 'ortools.lib(CbcLinked.obj)' or at 'C:\Users\Robin\OneDrive\Documenten\GitHub\OWFSim\Optimiser\x64\Release\libCbcSolver.pdb'; linking object as if no debug info
ortools.lib(CbcCbcParam.obj) : warning LNK4099: PDB 'libCbcSolver.pdb' was not found with 'ortools.lib(CbcCbcParam.obj)' or at 'C:\Users\Robin\OneDrive\Documenten\GitHub\OWFSim\Optimiser\x64\Release\libCbcSolver.pdb'; linking object as if no debug info
  Optimiser.vcxproj -> C:\Users\Robin\OneDrive\Documenten\GitHub\OWFSim\Optimiser\x64\Release\Optimiser.exe
